SpaceEngine Version 0.9.6.0 beta

STARTING
ERROR: Script::Load(): Can't open file "config/main.cfg"
ERROR: Script::Load(): Can't open file "config/universe.cfg"
Opening window
Initializing OpenGL
	Vendor: NVIDIA Corporation
	Renderer: NVIDIA GeForce 9400M OpenGL Engine
	OpenGL version: 2.1 NVIDIA-8.0.61

CRITICAL ERROR: Old OpenGL version (2.1 NVIDIA-8.0.61). Program terminated.

ERROR: TTexture::Load(): File not found: "data/textures/common/splash00.*"

INITIALIZING ENGINE
Loading shader "data/shaders/particle.glsl"
ERROR: Cannot open file "data/shaders/particle.glsl"
DONE

INITIALIZING USER
ERROR: Script::Load(): Can't open file "config/keys.cfg"
DONE

INITIALIZING ENGINE
DONE


RUNNING ENGINE

...................


...................


DESTROYING UNIVERSE
Saving spacecrafts
Destroying spacecrafts
Destroying planets
Destroying stars
Destroying nebulae
Destroying clusters
Destroying galaxies
DONE


FINISHED

